<?xml version="1.0" encoding="UTF-8"?>
<robot generator="Robot 3.2.1 (Python 3.8.3 on win32)" generated="20201015 18:55:41.224" rpa="false">
<suite id="s1" name="TC0" source="C:\Users\tungn\Documents\demo-app\tests\TC0.robot">
<test id="s1-t1" name="Demo app test example 1">
<kw name="Begin The Test">
<kw name="Open Browser" library="SeleniumLibrary">
<doc>Opens a new browser instance to the optional ``url``.</doc>
<arguments>
<arg>http://127.0.0.1:3000</arg>
<arg>ff</arg>
</arguments>
<msg timestamp="20201015 18:55:41.421" level="INFO">Opening browser 'ff' to base url 'http://127.0.0.1:3000'.</msg>
<msg timestamp="20201015 18:55:41.422" level="INFO">Firefox driver log is always forced to to: C:\Users\tungn\Documents\demo-app\tests\geckodriver-1.log</msg>
<status status="PASS" starttime="20201015 18:55:41.421" endtime="20201015 18:55:46.932"></status>
</kw>
<status status="PASS" starttime="20201015 18:55:41.421" endtime="20201015 18:55:46.932"></status>
</kw>
<kw name="Provide Text Input">
<kw name="Input Text" library="SeleniumLibrary">
<doc>Types the given ``text`` into the text field identified by ``locator``.</doc>
<arguments>
<arg>name=firstName</arg>
<arg>Tung</arg>
</arguments>
<msg timestamp="20201015 18:55:46.933" level="INFO">Typing text 'Tung' into text field 'name=firstName'.</msg>
<status status="PASS" starttime="20201015 18:55:46.933" endtime="20201015 18:55:46.987"></status>
</kw>
<kw name="Input Text" library="SeleniumLibrary">
<doc>Types the given ``text`` into the text field identified by ``locator``.</doc>
<arguments>
<arg>name=lastName</arg>
<arg>Nguyen</arg>
</arguments>
<msg timestamp="20201015 18:55:46.987" level="INFO">Typing text 'Nguyen' into text field 'name=lastName'.</msg>
<status status="PASS" starttime="20201015 18:55:46.987" endtime="20201015 18:55:47.037"></status>
</kw>
<kw name="Select From List By Value" library="SeleniumLibrary">
<doc>Selects options from selection list ``locator`` by ``values``.</doc>
<arguments>
<arg>name=job</arg>
<arg>A Witcher</arg>
</arguments>
<msg timestamp="20201015 18:55:47.037" level="INFO">Selecting options from selection list 'name=job' by value A Witcher.</msg>
<status status="PASS" starttime="20201015 18:55:47.037" endtime="20201015 18:55:47.275"></status>
</kw>
<status status="PASS" starttime="20201015 18:55:46.933" endtime="20201015 18:55:47.275"></status>
</kw>
<kw name="Add Villager">
<kw name="Click Button" library="SeleniumLibrary">
<doc>Clicks the button identified by ``locator``.</doc>
<arguments>
<arg>Add to your island</arg>
</arguments>
<msg timestamp="20201015 18:55:47.276" level="INFO">Clicking button 'Add to your island'.</msg>
<status status="PASS" starttime="20201015 18:55:47.276" endtime="20201015 18:55:47.507"></status>
</kw>
<kw name="Page Should Contain Element" library="SeleniumLibrary">
<doc>Verifies that element ``locator`` is found on the current page.</doc>
<arguments>
<arg>xpath=//*[@id="root"]/div[1]/a[2]/button/span</arg>
</arguments>
<msg timestamp="20201015 18:55:47.510" level="INFO">Current page contains element 'xpath=//*[@id="root"]/div[1]/a[2]/button/span'.</msg>
<status status="PASS" starttime="20201015 18:55:47.507" endtime="20201015 18:55:47.511"></status>
</kw>
<status status="PASS" starttime="20201015 18:55:47.276" endtime="20201015 18:55:47.511"></status>
</kw>
<kw name="Remove Villager">
<kw name="Click Button" library="SeleniumLibrary">
<doc>Clicks the button identified by ``locator``.</doc>
<arguments>
<arg>Edit villager profile</arg>
</arguments>
<msg timestamp="20201015 18:55:47.512" level="INFO">Clicking button 'Edit villager profile'.</msg>
<status status="PASS" starttime="20201015 18:55:47.512" endtime="20201015 18:55:47.733"></status>
</kw>
<kw name="Click Button" library="SeleniumLibrary">
<doc>Clicks the button identified by ``locator``.</doc>
<arguments>
<arg>css=.card__btn</arg>
</arguments>
<msg timestamp="20201015 18:55:47.733" level="INFO">Clicking button 'css=.card__btn'.</msg>
<status status="PASS" starttime="20201015 18:55:47.733" endtime="20201015 18:55:47.949"></status>
</kw>
<status status="PASS" starttime="20201015 18:55:47.511" endtime="20201015 18:55:47.949"></status>
</kw>
<kw name="End The Test">
<kw name="Close Browser" library="SeleniumLibrary">
<doc>Closes the current browser.</doc>
<status status="PASS" starttime="20201015 18:55:47.949" endtime="20201015 18:55:48.523"></status>
</kw>
<status status="PASS" starttime="20201015 18:55:47.949" endtime="20201015 18:55:48.523"></status>
</kw>
<status status="PASS" starttime="20201015 18:55:41.420" endtime="20201015 18:55:48.524" critical="yes"></status>
</test>
<status status="PASS" starttime="20201015 18:55:41.225" endtime="20201015 18:55:48.524"></status>
</suite>
<statistics>
<total>
<stat pass="1" fail="0">Critical Tests</stat>
<stat pass="1" fail="0">All Tests</stat>
</total>
<tag>
</tag>
<suite>
<stat pass="1" fail="0" id="s1" name="TC0">TC0</stat>
</suite>
</statistics>
<errors>
</errors>
</robot>
