<?xml version="1.0" encoding="UTF-8"?>
<robot generator="Robot 3.2 (Python 3.8.3 on linux)" generated="20200830 11:40:44.562" rpa="false">
<suite id="s1" name="Tests" source="/opt/robotframework/tests">
<suite id="s1-s1" name="Tests" source="/opt/robotframework/tests/Tests">
<suite id="s1-s1-s1" name="TC0" source="/opt/robotframework/tests/Tests/TC0.robot">
<test id="s1-s1-s1-t1" name="Test Case 0">
<kw name="Begin The Test" library="Common">
<kw name="Open Browser" library="SeleniumLibrary">
<doc>Opens a new browser instance to the optional ``url``.</doc>
<arguments>
<arg>http://127.0.0.1:3000</arg>
<arg>ff</arg>
</arguments>
<msg timestamp="20200830 11:40:44.719" level="INFO">Opening browser 'ff' to base url 'http://127.0.0.1:3000'.</msg>
<msg timestamp="20200830 11:40:44.719" level="INFO">Firefox driver log is always forced to to: /opt/robotframework/reports/geckodriver-4.log</msg>
<status status="PASS" starttime="20200830 11:40:44.718" endtime="20200830 11:40:47.330"></status>
</kw>
<status status="PASS" starttime="20200830 11:40:44.718" endtime="20200830 11:40:47.330"></status>
</kw>
<kw name="Provide Text Input" library="WebGUI">
<kw name="Input Text" library="SeleniumLibrary">
<doc>Types the given ``text`` into the text field identified by ``locator``.</doc>
<arguments>
<arg>name=firstName</arg>
<arg>Tung</arg>
</arguments>
<msg timestamp="20200830 11:40:47.331" level="INFO">Typing text 'Tung' into text field 'name=firstName'.</msg>
<status status="PASS" starttime="20200830 11:40:47.331" endtime="20200830 11:40:47.419"></status>
</kw>
<kw name="Input Text" library="SeleniumLibrary">
<doc>Types the given ``text`` into the text field identified by ``locator``.</doc>
<arguments>
<arg>name=lastName</arg>
<arg>Nasd</arg>
</arguments>
<msg timestamp="20200830 11:40:47.420" level="INFO">Typing text 'Nasd' into text field 'name=lastName'.</msg>
<status status="PASS" starttime="20200830 11:40:47.419" endtime="20200830 11:40:47.483"></status>
</kw>
<kw name="Select From List By Value" library="SeleniumLibrary">
<doc>Selects options from selection list ``locator`` by ``values``.</doc>
<arguments>
<arg>name=job</arg>
<arg>A Witcher</arg>
</arguments>
<msg timestamp="20200830 11:40:47.483" level="INFO">Selecting options from selection list 'name=job' by value A Witcher.</msg>
<status status="PASS" starttime="20200830 11:40:47.483" endtime="20200830 11:40:47.741"></status>
</kw>
<status status="PASS" starttime="20200830 11:40:47.331" endtime="20200830 11:40:47.741"></status>
</kw>
<kw name="Add Villager" library="WebGUI">
<kw name="Click Button" library="SeleniumLibrary">
<doc>Clicks the button identified by ``locator``.</doc>
<arguments>
<arg>Add to your island</arg>
</arguments>
<msg timestamp="20200830 11:40:47.742" level="INFO">Clicking button 'Add to your island'.</msg>
<status status="PASS" starttime="20200830 11:40:47.742" endtime="20200830 11:40:47.980"></status>
</kw>
<kw name="Page Should Contain Element" library="SeleniumLibrary">
<doc>Verifies that element ``locator`` is found on the current page.</doc>
<arguments>
<arg>xpath=//*[@id="root"]/div[1]/a[2]/button/span</arg>
</arguments>
<msg timestamp="20200830 11:40:47.984" level="INFO">Current page contains element 'xpath=//*[@id="root"]/div[1]/a[2]/button/span'.</msg>
<status status="PASS" starttime="20200830 11:40:47.980" endtime="20200830 11:40:47.985"></status>
</kw>
<status status="PASS" starttime="20200830 11:40:47.741" endtime="20200830 11:40:47.985"></status>
</kw>
<kw name="Remove Villager" library="WebGUI">
<kw name="Click Button" library="SeleniumLibrary">
<doc>Clicks the button identified by ``locator``.</doc>
<arguments>
<arg>Edit villager profile</arg>
</arguments>
<msg timestamp="20200830 11:40:47.985" level="INFO">Clicking button 'Edit villager profile'.</msg>
<status status="PASS" starttime="20200830 11:40:47.985" endtime="20200830 11:40:48.223"></status>
</kw>
<kw name="Click Button" library="SeleniumLibrary">
<doc>Clicks the button identified by ``locator``.</doc>
<arguments>
<arg>css=.card__btn</arg>
</arguments>
<msg timestamp="20200830 11:40:48.224" level="INFO">Clicking button 'css=.card__btn'.</msg>
<status status="PASS" starttime="20200830 11:40:48.223" endtime="20200830 11:40:48.453"></status>
</kw>
<status status="PASS" starttime="20200830 11:40:47.985" endtime="20200830 11:40:48.453"></status>
</kw>
<kw name="End The Test" library="Common">
<kw name="Close Browser" library="SeleniumLibrary">
<doc>Closes the current browser.</doc>
<status status="PASS" starttime="20200830 11:40:48.453" endtime="20200830 11:40:49.041"></status>
</kw>
<status status="PASS" starttime="20200830 11:40:48.453" endtime="20200830 11:40:49.041"></status>
</kw>
<tags>
<tag>Smoke</tag>
</tags>
<status status="PASS" starttime="20200830 11:40:44.716" endtime="20200830 11:40:49.041" critical="yes"></status>
</test>
<doc>This is basic test for GUI</doc>
<status status="PASS" starttime="20200830 11:40:44.586" endtime="20200830 11:40:49.042"></status>
</suite>
<status status="PASS" starttime="20200830 11:40:44.584" endtime="20200830 11:40:49.044"></status>
</suite>
<status status="PASS" starttime="20200830 11:40:44.563" endtime="20200830 11:40:49.046"></status>
</suite>
<statistics>
<total>
<stat pass="1" fail="0">Critical Tests</stat>
<stat pass="1" fail="0">All Tests</stat>
</total>
<tag>
<stat pass="1" fail="0">Smoke</stat>
</tag>
<suite>
<stat pass="1" fail="0" id="s1" name="Tests">Tests</stat>
<stat pass="1" fail="0" id="s1-s1" name="Tests">Tests.Tests</stat>
<stat pass="1" fail="0" id="s1-s1-s1" name="TC0">Tests.Tests.TC0</stat>
</suite>
</statistics>
<errors>
</errors>
</robot>
